<?xml version="1.0" encoding="UTF-8"?>
<testsuite xmlns:xsi="http://www.w3.org/2001/XMLSchema-instance" xsi:noNamespaceSchemaLocation="https://maven.apache.org/surefire/maven-surefire-plugin/xsd/surefire-test-report.xsd" name="TestDice" time="0.001" tests="8" errors="0" skipped="0" failures="0">
  <properties>
[...]
</properties>
  <testcase name="fiveDieThrown" classname="TestDice" time="0"/>
  <testcase name="fourDieThrown" classname="TestDice" time="0"/>
  <testcase name="twoDieThrown" classname="TestDice" time="0"/>
  <testcase name="negativeDieThrown" classname="TestDice" time="0"/>
  <testcase name="oneDieThrown" classname="TestDice" time="0"/>
  <testcase name="threeDieThrown" classname="TestDice" time="0"/>
  <testcase name="zeroDieThrown" classname="TestDice" time="0"/>
  <testcase name="sixDieThrown" classname="TestDice" time="0"/>
</testsuite>